# JRE version: OpenJDK Runtime Environment Temurin-17.0.13+11 (17.0.13+11) (build 17.0.13+11)
# Java VM: OpenJDK 64-Bit Server VM Temurin-17.0.13+11 (17.0.13+11, mixed mode, tiered, compressed oops, compressed class ptrs, parallel gc, windows-amd64)
GC Precious Log:
 CPUs: 4 total, 4 available
 Memory: 8106M
 Large Page Support: Disabled
 NUMA Support: Disabled
 Compressed Oops: Enabled (32-bit)
 Alignments: Space 512K, Generation 512K, Heap 2M
 Heap Min Capacity: 100M
 Heap Initial Capacity: 100M
 Heap Max Capacity: 1G
 Pre-touch: Disabled
 Parallel Workers: 4
Heap:
 PSYoungGen      total 10240K, used 5473K [0x00000000eab00000, 0x00000000eba80000, 0x0000000100000000)
  eden space 5632K, 97% used [0x00000000eab00000,0x00000000eb058538,0x00000000eb080000)
  from space 4608K, 0% used [0x00000000eb600000,0x00000000eb600000,0x00000000eba80000)
  to   space 5120K, 0% used [0x00000000eb080000,0x00000000eb080000,0x00000000eb580000)
 ParOldGen       total 214528K, used 176684K [0x00000000c0000000, 0x00000000cd180000, 0x00000000eab00000)
  object space 214528K, 82% used [0x00000000c0000000,0x00000000cac8b148,0x00000000cd180000)
 Metaspace       used 102041K, committed 103680K, reserved 1179648K
  class space    used 10503K, committed 11264K, reserved 1048576K
GC Heap History (20 events):
Event: 736.902 GC heap after
{Heap after GC invocations=1584 (full 28):
 PSYoungGen      total 6656K, used 564K [0x00000000eab00000, 0x00000000eb580000, 0x0000000100000000)
  eden space 5632K, 0% used [0x00000000eab00000,0x00000000eab00000,0x00000000eb080000)
  from space 1024K, 55% used [0x00000000eb400000,0x00000000eb48d220,0x00000000eb500000)
  to   space 512K, 0% used [0x00000000eb500000,0x00000000eb500000,0x00000000eb580000)
 ParOldGen       total 196096K, used 176180K [0x00000000c0000000, 0x00000000cbf80000, 0x00000000eab00000)
  object space 196096K, 89% used [0x00000000c0000000,0x00000000cac0d170,0x00000000cbf80000)
 Metaspace       used 102016K, committed 103680K, reserved 1179648K
  class space    used 10501K, committed 11264K, reserved 1048576K
}
Event: 737.280 GC heap before
{Heap before GC invocations=1585 (full 28):
 PSYoungGen      total 6656K, used 6196K [0x00000000eab00000, 0x00000000eb580000, 0x0000000100000000)
  eden space 5632K, 100% used [0x00000000eab00000,0x00000000eb080000,0x00000000eb080000)
  from space 1024K, 55% used [0x00000000eb400000,0x00000000eb48d220,0x00000000eb500000)
  to   space 512K, 0% used [0x00000000eb500000,0x00000000eb500000,0x00000000eb580000)
 ParOldGen       total 196096K, used 176180K [0x00000000c0000000, 0x00000000cbf80000, 0x00000000eab00000)
  object space 196096K, 89% used [0x00000000c0000000,0x00000000cac0d170,0x00000000cbf80000)
 Metaspace       used 102016K, committed 103680K, reserved 1179648K
  class space    used 10501K, committed 11264K, reserved 1048576K
}
Event: 737.282 GC heap after
{Heap after GC invocations=1585 (full 28):
 PSYoungGen      total 6144K, used 500K [0x00000000eab00000, 0x00000000eb580000, 0x0000000100000000)
  eden space 5632K, 0% used [0x00000000eab00000,0x00000000eab00000,0x00000000eb080000)
  from space 512K, 97% used [0x00000000eb500000,0x00000000eb57d200,0x00000000eb580000)
  to   space 1536K, 0% used [0x00000000eb280000,0x00000000eb280000,0x00000000eb400000)
 ParOldGen       total 196096K, used 176816K [0x00000000c0000000, 0x00000000cbf80000, 0x00000000eab00000)
  object space 196096K, 90% used [0x00000000c0000000,0x00000000cacac3b0,0x00000000cbf80000)
 Metaspace       used 102016K, committed 103680K, reserved 1179648K
  class space    used 10501K, committed 11264K, reserved 1048576K
}
Event: 737.296 GC heap before
{Heap before GC invocations=1586 (full 28):
 PSYoungGen      total 6144K, used 6132K [0x00000000eab00000, 0x00000000eb580000, 0x0000000100000000)
  eden space 5632K, 100% used [0x00000000eab00000,0x00000000eb080000,0x00000000eb080000)
  from space 512K, 97% used [0x00000000eb500000,0x00000000eb57d200,0x00000000eb580000)
  to   space 1536K, 0% used [0x00000000eb280000,0x00000000eb280000,0x00000000eb400000)
 ParOldGen       total 196096K, used 176816K [0x00000000c0000000, 0x00000000cbf80000, 0x00000000eab00000)
  object space 196096K, 90% used [0x00000000c0000000,0x00000000cacac3b0,0x00000000cbf80000)
 Metaspace       used 102016K, committed 103680K, reserved 1179648K
  class space    used 10501K, committed 11264K, reserved 1048576K
}
Event: 737.299 GC heap after
{Heap after GC invocations=1586 (full 28):
 PSYoungGen      total 7168K, used 660K [0x00000000eab00000, 0x00000000eb580000, 0x0000000100000000)
  eden space 5632K, 0% used [0x00000000eab00000,0x00000000eab00000,0x00000000eb080000)
  from space 1536K, 43% used [0x00000000eb280000,0x00000000eb325200,0x00000000eb400000)
  to   space 1024K, 0% used [0x00000000eb480000,0x00000000eb480000,0x00000000eb580000)
 ParOldGen       total 196096K, used 177301K [0x00000000c0000000, 0x00000000cbf80000, 0x00000000eab00000)
  object space 196096K, 90% used [0x00000000c0000000,0x00000000cad255d0,0x00000000cbf80000)
 Metaspace       used 102016K, committed 103680K, reserved 1179648K
  class space    used 10501K, committed 11264K, reserved 1048576K
}
Event: 737.606 GC heap before
{Heap before GC invocations=1587 (full 28):
 PSYoungGen      total 7168K, used 6292K [0x00000000eab00000, 0x00000000eb580000, 0x0000000100000000)
  eden space 5632K, 100% used [0x00000000eab00000,0x00000000eb080000,0x00000000eb080000)
  from space 1536K, 43% used [0x00000000eb280000,0x00000000eb325200,0x00000000eb400000)
  to   space 1024K, 0% used [0x00000000eb480000,0x00000000eb480000,0x00000000eb580000)
 ParOldGen       total 196096K, used 177301K [0x00000000c0000000, 0x00000000cbf80000, 0x00000000eab00000)
  object space 196096K, 90% used [0x00000000c0000000,0x00000000cad255d0,0x00000000cbf80000)
 Metaspace       used 102016K, committed 103680K, reserved 1179648K
  class space    used 10501K, committed 11264K, reserved 1048576K
}
Event: 737.611 GC heap after
{Heap after GC invocations=1587 (full 28):
 PSYoungGen      total 6144K, used 128K [0x00000000eab00000, 0x00000000eb500000, 0x0000000100000000)
  eden space 5632K, 0% used [0x00000000eab00000,0x00000000eab00000,0x00000000eb080000)
  from space 512K, 25% used [0x00000000eb480000,0x00000000eb4a0000,0x00000000eb500000)
  to   space 512K, 0% used [0x00000000eb400000,0x00000000eb400000,0x00000000eb480000)
 ParOldGen       total 196096K, used 177845K [0x00000000c0000000, 0x00000000cbf80000, 0x00000000eab00000)
  object space 196096K, 90% used [0x00000000c0000000,0x00000000cadad5d0,0x00000000cbf80000)
 Metaspace       used 102016K, committed 103680K, reserved 1179648K
  class space    used 10501K, committed 11264K, reserved 1048576K
}
Event: 739.023 GC heap before
{Heap before GC invocations=1588 (full 28):
 PSYoungGen      total 6144K, used 5760K [0x00000000eab00000, 0x00000000eb500000, 0x0000000100000000)
  eden space 5632K, 100% used [0x00000000eab00000,0x00000000eb080000,0x00000000eb080000)
  from space 512K, 25% used [0x00000000eb480000,0x00000000eb4a0000,0x00000000eb500000)
  to   space 512K, 0% used [0x00000000eb400000,0x00000000eb400000,0x00000000eb480000)
 ParOldGen       total 196096K, used 177845K [0x00000000c0000000, 0x00000000cbf80000, 0x00000000eab00000)
  object space 196096K, 90% used [0x00000000c0000000,0x00000000cadad5d0,0x00000000cbf80000)
 Metaspace       used 102016K, committed 103680K, reserved 1179648K
  class space    used 10501K, committed 11264K, reserved 1048576K
}
Event: 739.024 GC heap after
{Heap after GC invocations=1588 (full 28):
 PSYoungGen      total 6144K, used 506K [0x00000000eab00000, 0x00000000eb500000, 0x0000000100000000)
  eden space 5632K, 0% used [0x00000000eab00000,0x00000000eab00000,0x00000000eb080000)
  from space 512K, 98% used [0x00000000eb400000,0x00000000eb47e920,0x00000000eb480000)
  to   space 512K, 0% used [0x00000000eb480000,0x00000000eb480000,0x00000000eb500000)
 ParOldGen       total 196096K, used 177917K [0x00000000c0000000, 0x00000000cbf80000, 0x00000000eab00000)
  object space 196096K, 90% used [0x00000000c0000000,0x00000000cadbf5d0,0x00000000cbf80000)
 Metaspace       used 102016K, committed 103680K, reserved 1179648K
  class space    used 10501K, committed 11264K, reserved 1048576K
}
Event: 740.927 GC heap before
{Heap before GC invocations=1589 (full 28):
 PSYoungGen      total 6144K, used 6138K [0x00000000eab00000, 0x00000000eb500000, 0x0000000100000000)
  eden space 5632K, 100% used [0x00000000eab00000,0x00000000eb080000,0x00000000eb080000)
  from space 512K, 98% used [0x00000000eb400000,0x00000000eb47e920,0x00000000eb480000)
  to   space 512K, 0% used [0x00000000eb480000,0x00000000eb480000,0x00000000eb500000)
 ParOldGen       total 196096K, used 177917K [0x00000000c0000000, 0x00000000cbf80000, 0x00000000eab00000)
  object space 196096K, 90% used [0x00000000c0000000,0x00000000cadbf5d0,0x00000000cbf80000)
 Metaspace       used 102022K, committed 103680K, reserved 1179648K
  class space    used 10501K, committed 11264K, reserved 1048576K
}
Event: 740.929 GC heap after
{Heap after GC invocations=1589 (full 28):
 PSYoungGen      total 6144K, used 512K [0x00000000eab00000, 0x00000000eb780000, 0x0000000100000000)
  eden space 5632K, 0% used [0x00000000eab00000,0x00000000eab00000,0x00000000eb080000)
  from space 512K, 100% used [0x00000000eb480000,0x00000000eb500000,0x00000000eb500000)
  to   space 3584K, 0% used [0x00000000eb080000,0x00000000eb080000,0x00000000eb400000)
 ParOldGen       total 196096K, used 180418K [0x00000000c0000000, 0x00000000cbf80000, 0x00000000eab00000)
  object space 196096K, 92% used [0x00000000c0000000,0x00000000cb030bb0,0x00000000cbf80000)
 Metaspace       used 102022K, committed 103680K, reserved 1179648K
  class space    used 10501K, committed 11264K, reserved 1048576K
}
Event: 740.954 GC heap before
{Heap before GC invocations=1590 (full 28):
 PSYoungGen      total 6144K, used 6144K [0x00000000eab00000, 0x00000000eb780000, 0x0000000100000000)
  eden space 5632K, 100% used [0x00000000eab00000,0x00000000eb080000,0x00000000eb080000)
  from space 512K, 100% used [0x00000000eb480000,0x00000000eb500000,0x00000000eb500000)
  to   space 3584K, 0% used [0x00000000eb080000,0x00000000eb080000,0x00000000eb400000)
 ParOldGen       total 196096K, used 180418K [0x00000000c0000000, 0x00000000cbf80000, 0x00000000eab00000)
  object space 196096K, 92% used [0x00000000c0000000,0x00000000cb030bb0,0x00000000cbf80000)
 Metaspace       used 102022K, committed 103680K, reserved 1179648K
  class space    used 10501K, committed 11264K, reserved 1048576K
}
Event: 740.958 GC heap after
{Heap after GC invocations=1590 (full 28):
 PSYoungGen      total 9216K, used 3584K [0x00000000eab00000, 0x00000000ebe80000, 0x0000000100000000)
  eden space 5632K, 0% used [0x00000000eab00000,0x00000000eab00000,0x00000000eb080000)
  from space 3584K, 100% used [0x00000000eb080000,0x00000000eb400000,0x00000000eb400000)
  to   space 7168K, 0% used [0x00000000eb780000,0x00000000eb780000,0x00000000ebe80000)
 ParOldGen       total 196096K, used 182970K [0x00000000c0000000, 0x00000000cbf80000, 0x00000000eab00000)
  object space 196096K, 93% used [0x00000000c0000000,0x00000000cb2aebb0,0x00000000cbf80000)
 Metaspace       used 102022K, committed 103680K, reserved 1179648K
  class space    used 10501K, committed 11264K, reserved 1048576K
}
Event: 740.978 GC heap before
{Heap before GC invocations=1591 (full 28):
 PSYoungGen      total 9216K, used 9216K [0x00000000eab00000, 0x00000000ebe80000, 0x0000000100000000)
  eden space 5632K, 100% used [0x00000000eab00000,0x00000000eb080000,0x00000000eb080000)
  from space 3584K, 100% used [0x00000000eb080000,0x00000000eb400000,0x00000000eb400000)
  to   space 7168K, 0% used [0x00000000eb780000,0x00000000eb780000,0x00000000ebe80000)
 ParOldGen       total 196096K, used 182970K [0x00000000c0000000, 0x00000000cbf80000, 0x00000000eab00000)
  object space 196096K, 93% used [0x00000000c0000000,0x00000000cb2aebb0,0x00000000cbf80000)
 Metaspace       used 102022K, committed 103680K, reserved 1179648K
  class space    used 10501K, committed 11264K, reserved 1048576K
}
Event: 740.984 GC heap after
{Heap after GC invocations=1591 (full 28):
 PSYoungGen      total 11776K, used 5664K [0x00000000eab00000, 0x00000000ebd80000, 0x0000000100000000)
  eden space 5632K, 0% used [0x00000000eab00000,0x00000000eab00000,0x00000000eb080000)
  from space 6144K, 92% used [0x00000000eb780000,0x00000000ebd08000,0x00000000ebd80000)
  to   space 6144K, 0% used [0x00000000eb180000,0x00000000eb180000,0x00000000eb780000)
 ParOldGen       total 196096K, used 186602K [0x00000000c0000000, 0x00000000cbf80000, 0x00000000eab00000)
  object space 196096K, 95% used [0x00000000c0000000,0x00000000cb63abb0,0x00000000cbf80000)
 Metaspace       used 102022K, committed 103680K, reserved 1179648K
  class space    used 10501K, committed 11264K, reserved 1048576K
}
Event: 741.024 GC heap before
{Heap before GC invocations=1592 (full 28):
 PSYoungGen      total 11776K, used 11296K [0x00000000eab00000, 0x00000000ebd80000, 0x0000000100000000)
  eden space 5632K, 100% used [0x00000000eab00000,0x00000000eb080000,0x00000000eb080000)
  from space 6144K, 92% used [0x00000000eb780000,0x00000000ebd08000,0x00000000ebd80000)
  to   space 6144K, 0% used [0x00000000eb180000,0x00000000eb180000,0x00000000eb780000)
 ParOldGen       total 196096K, used 186602K [0x00000000c0000000, 0x00000000cbf80000, 0x00000000eab00000)
  object space 196096K, 95% used [0x00000000c0000000,0x00000000cb63abb0,0x00000000cbf80000)
 Metaspace       used 102022K, committed 103680K, reserved 1179648K
  class space    used 10501K, committed 11264K, reserved 1048576K
}
Event: 741.030 GC heap after
{Heap after GC invocations=1592 (full 28):
 PSYoungGen      total 10240K, used 4480K [0x00000000eab00000, 0x00000000eba80000, 0x0000000100000000)
  eden space 5632K, 0% used [0x00000000eab00000,0x00000000eab00000,0x00000000eb080000)
  from space 4608K, 97% used [0x00000000eb180000,0x00000000eb5e0000,0x00000000eb600000)
  to   space 4608K, 0% used [0x00000000eb600000,0x00000000eb600000,0x00000000eba80000)
 ParOldGen       total 196096K, used 192266K [0x00000000c0000000, 0x00000000cbf80000, 0x00000000eab00000)
  object space 196096K, 98% used [0x00000000c0000000,0x00000000cbbc2bb0,0x00000000cbf80000)
 Metaspace       used 102022K, committed 103680K, reserved 1179648K
  class space    used 10501K, committed 11264K, reserved 1048576K
}
Event: 741.093 GC heap before
{Heap before GC invocations=1593 (full 29):
 PSYoungGen      total 10240K, used 10111K [0x00000000eab00000, 0x00000000eba80000, 0x0000000100000000)
  eden space 5632K, 99% used [0x00000000eab00000,0x00000000eb07fff8,0x00000000eb080000)
  from space 4608K, 97% used [0x00000000eb180000,0x00000000eb5e0000,0x00000000eb600000)
  to   space 4608K, 0% used [0x00000000eb600000,0x00000000eb600000,0x00000000eba80000)
 ParOldGen       total 196096K, used 192266K [0x00000000c0000000, 0x00000000cbf80000, 0x00000000eab00000)
  object space 196096K, 98% used [0x00000000c0000000,0x00000000cbbc2bb0,0x00000000cbf80000)
 Metaspace       used 102027K, committed 103680K, reserved 1179648K
  class space    used 10501K, committed 11264K, reserved 1048576K
}
Event: 741.287 GC heap after
{Heap after GC invocations=1593 (full 29):
 PSYoungGen      total 10240K, used 0K [0x00000000eab00000, 0x00000000eba80000, 0x0000000100000000)
  eden space 5632K, 0% used [0x00000000eab00000,0x00000000eab00000,0x00000000eb080000)
  from space 4608K, 0% used [0x00000000eb600000,0x00000000eb600000,0x00000000eba80000)
  to   space 5120K, 0% used [0x00000000eb080000,0x00000000eb080000,0x00000000eb580000)
 ParOldGen       total 214528K, used 145964K [0x00000000c0000000, 0x00000000cd180000, 0x00000000eab00000)
  object space 214528K, 68% used [0x00000000c0000000,0x00000000c8e8b118,0x00000000cd180000)
 Metaspace       used 102027K, committed 103680K, reserved 1179648K
  class space    used 10501K, committed 11264K, reserved 1048576K
}
Event: 741.429 GC heap before
{Heap before GC invocations=1594 (full 29):
 PSYoungGen      total 10240K, used 5473K [0x00000000eab00000, 0x00000000eba80000, 0x0000000100000000)
  eden space 5632K, 97% used [0x00000000eab00000,0x00000000eb058538,0x00000000eb080000)
  from space 4608K, 0% used [0x00000000eb600000,0x00000000eb600000,0x00000000eba80000)
  to   space 5120K, 0% used [0x00000000eb080000,0x00000000eb080000,0x00000000eb580000)
 ParOldGen       total 214528K, used 176684K [0x00000000c0000000, 0x00000000cd180000, 0x00000000eab00000)
  object space 214528K, 82% used [0x00000000c0000000,0x00000000cac8b148,0x00000000cd180000)
 Metaspace       used 102041K, committed 103680K, reserved 1179648K
  class space    used 10503K, committed 11264K, reserved 1048576K
}

