# JRE version: OpenJDK Runtime Environment Temurin-17.0.13+11 (17.0.13+11) (build 17.0.13+11)
# Java VM: OpenJDK 64-Bit Server VM Temurin-17.0.13+11 (17.0.13+11, mixed mode, tiered, compressed oops, compressed class ptrs, parallel gc, windows-amd64)
GC Precious Log:
 CPUs: 4 total, 4 available
 Memory: 8106M
 Large Page Support: Disabled
 NUMA Support: Disabled
 Compressed Oops: Enabled (32-bit)
 Alignments: Space 512K, Generation 512K, Heap 2M
 Heap Min Capacity: 100M
 Heap Initial Capacity: 100M
 Heap Max Capacity: 1G
 Pre-touch: Disabled
 Parallel Workers: 4
Heap:
 PSYoungGen      total 10752K, used 10496K [0x00000000eab00000, 0x00000000eb800000, 0x0000000100000000)
  eden space 10240K, 100% used [0x00000000eab00000,0x00000000eb500000,0x00000000eb500000)
  from space 512K, 50% used [0x00000000eb700000,0x00000000eb740000,0x00000000eb780000)
  to   space 512K, 0% used [0x00000000eb780000,0x00000000eb780000,0x00000000eb800000)
 ParOldGen       total 87552K, used 87506K [0x00000000c0000000, 0x00000000c5580000, 0x00000000eab00000)
  object space 87552K, 99% used [0x00000000c0000000,0x00000000c5574968,0x00000000c5580000)
 Metaspace       used 78972K, committed 80320K, reserved 1179648K
  class space    used 8395K, committed 9024K, reserved 1048576K
GC Heap History (20 events):
Event: 22.526 GC heap after
{Heap after GC invocations=171 (full 5):
 PSYoungGen      total 10752K, used 224K [0x00000000eab00000, 0x00000000eb800000, 0x0000000100000000)
  eden space 10240K, 0% used [0x00000000eab00000,0x00000000eab00000,0x00000000eb500000)
  from space 512K, 43% used [0x00000000eb780000,0x00000000eb7b8000,0x00000000eb800000)
  to   space 512K, 0% used [0x00000000eb700000,0x00000000eb700000,0x00000000eb780000)
 ParOldGen       total 87552K, used 85708K [0x00000000c0000000, 0x00000000c5580000, 0x00000000eab00000)
  object space 87552K, 97% used [0x00000000c0000000,0x00000000c53b33e8,0x00000000c5580000)
 Metaspace       used 78961K, committed 80320K, reserved 1179648K
  class space    used 8395K, committed 9024K, reserved 1048576K
}
Event: 22.542 GC heap before
{Heap before GC invocations=172 (full 5):
 PSYoungGen      total 10752K, used 10464K [0x00000000eab00000, 0x00000000eb800000, 0x0000000100000000)
  eden space 10240K, 100% used [0x00000000eab00000,0x00000000eb500000,0x00000000eb500000)
  from space 512K, 43% used [0x00000000eb780000,0x00000000eb7b8000,0x00000000eb800000)
  to   space 512K, 0% used [0x00000000eb700000,0x00000000eb700000,0x00000000eb780000)
 ParOldGen       total 87552K, used 85708K [0x00000000c0000000, 0x00000000c5580000, 0x00000000eab00000)
  object space 87552K, 97% used [0x00000000c0000000,0x00000000c53b33e8,0x00000000c5580000)
 Metaspace       used 78968K, committed 80320K, reserved 1179648K
  class space    used 8395K, committed 9024K, reserved 1048576K
}
Event: 22.543 GC heap after
{Heap after GC invocations=172 (full 5):
 PSYoungGen      total 10752K, used 256K [0x00000000eab00000, 0x00000000eb800000, 0x0000000100000000)
  eden space 10240K, 0% used [0x00000000eab00000,0x00000000eab00000,0x00000000eb500000)
  from space 512K, 50% used [0x00000000eb700000,0x00000000eb740000,0x00000000eb780000)
  to   space 512K, 0% used [0x00000000eb780000,0x00000000eb780000,0x00000000eb800000)
 ParOldGen       total 87552K, used 85892K [0x00000000c0000000, 0x00000000c5580000, 0x00000000eab00000)
  object space 87552K, 98% used [0x00000000c0000000,0x00000000c53e13e8,0x00000000c5580000)
 Metaspace       used 78968K, committed 80320K, reserved 1179648K
  class space    used 8395K, committed 9024K, reserved 1048576K
}
Event: 22.565 GC heap before
{Heap before GC invocations=173 (full 5):
 PSYoungGen      total 10752K, used 10496K [0x00000000eab00000, 0x00000000eb800000, 0x0000000100000000)
  eden space 10240K, 100% used [0x00000000eab00000,0x00000000eb500000,0x00000000eb500000)
  from space 512K, 50% used [0x00000000eb700000,0x00000000eb740000,0x00000000eb780000)
  to   space 512K, 0% used [0x00000000eb780000,0x00000000eb780000,0x00000000eb800000)
 ParOldGen       total 87552K, used 85892K [0x00000000c0000000, 0x00000000c5580000, 0x00000000eab00000)
  object space 87552K, 98% used [0x00000000c0000000,0x00000000c53e13e8,0x00000000c5580000)
 Metaspace       used 78968K, committed 80320K, reserved 1179648K
  class space    used 8395K, committed 9024K, reserved 1048576K
}
Event: 22.566 GC heap after
{Heap after GC invocations=173 (full 5):
 PSYoungGen      total 10752K, used 256K [0x00000000eab00000, 0x00000000eb800000, 0x0000000100000000)
  eden space 10240K, 0% used [0x00000000eab00000,0x00000000eab00000,0x00000000eb500000)
  from space 512K, 50% used [0x00000000eb780000,0x00000000eb7c0000,0x00000000eb800000)
  to   space 512K, 0% used [0x00000000eb700000,0x00000000eb700000,0x00000000eb780000)
 ParOldGen       total 87552K, used 86084K [0x00000000c0000000, 0x00000000c5580000, 0x00000000eab00000)
  object space 87552K, 98% used [0x00000000c0000000,0x00000000c54113e8,0x00000000c5580000)
 Metaspace       used 78968K, committed 80320K, reserved 1179648K
  class space    used 8395K, committed 9024K, reserved 1048576K
}
Event: 22.573 GC heap before
{Heap before GC invocations=174 (full 5):
 PSYoungGen      total 10752K, used 10496K [0x00000000eab00000, 0x00000000eb800000, 0x0000000100000000)
  eden space 10240K, 100% used [0x00000000eab00000,0x00000000eb500000,0x00000000eb500000)
  from space 512K, 50% used [0x00000000eb780000,0x00000000eb7c0000,0x00000000eb800000)
  to   space 512K, 0% used [0x00000000eb700000,0x00000000eb700000,0x00000000eb780000)
 ParOldGen       total 87552K, used 86084K [0x00000000c0000000, 0x00000000c5580000, 0x00000000eab00000)
  object space 87552K, 98% used [0x00000000c0000000,0x00000000c54113e8,0x00000000c5580000)
 Metaspace       used 78972K, committed 80320K, reserved 1179648K
  class space    used 8395K, committed 9024K, reserved 1048576K
}
Event: 22.574 GC heap after
{Heap after GC invocations=174 (full 5):
 PSYoungGen      total 10752K, used 256K [0x00000000eab00000, 0x00000000eb800000, 0x0000000100000000)
  eden space 10240K, 0% used [0x00000000eab00000,0x00000000eab00000,0x00000000eb500000)
  from space 512K, 50% used [0x00000000eb700000,0x00000000eb740000,0x00000000eb780000)
  to   space 512K, 0% used [0x00000000eb780000,0x00000000eb780000,0x00000000eb800000)
 ParOldGen       total 87552K, used 86276K [0x00000000c0000000, 0x00000000c5580000, 0x00000000eab00000)
  object space 87552K, 98% used [0x00000000c0000000,0x00000000c54413e8,0x00000000c5580000)
 Metaspace       used 78972K, committed 80320K, reserved 1179648K
  class space    used 8395K, committed 9024K, reserved 1048576K
}
Event: 22.583 GC heap before
{Heap before GC invocations=175 (full 5):
 PSYoungGen      total 10752K, used 10496K [0x00000000eab00000, 0x00000000eb800000, 0x0000000100000000)
  eden space 10240K, 100% used [0x00000000eab00000,0x00000000eb500000,0x00000000eb500000)
  from space 512K, 50% used [0x00000000eb700000,0x00000000eb740000,0x00000000eb780000)
  to   space 512K, 0% used [0x00000000eb780000,0x00000000eb780000,0x00000000eb800000)
 ParOldGen       total 87552K, used 86276K [0x00000000c0000000, 0x00000000c5580000, 0x00000000eab00000)
  object space 87552K, 98% used [0x00000000c0000000,0x00000000c54413e8,0x00000000c5580000)
 Metaspace       used 78972K, committed 80320K, reserved 1179648K
  class space    used 8395K, committed 9024K, reserved 1048576K
}
Event: 22.583 GC heap after
{Heap after GC invocations=175 (full 5):
 PSYoungGen      total 10752K, used 269K [0x00000000eab00000, 0x00000000eb800000, 0x0000000100000000)
  eden space 10240K, 0% used [0x00000000eab00000,0x00000000eab00000,0x00000000eb500000)
  from space 512K, 52% used [0x00000000eb780000,0x00000000eb7c3580,0x00000000eb800000)
  to   space 512K, 0% used [0x00000000eb700000,0x00000000eb700000,0x00000000eb780000)
 ParOldGen       total 87552K, used 86476K [0x00000000c0000000, 0x00000000c5580000, 0x00000000eab00000)
  object space 87552K, 98% used [0x00000000c0000000,0x00000000c54733e8,0x00000000c5580000)
 Metaspace       used 78972K, committed 80320K, reserved 1179648K
  class space    used 8395K, committed 9024K, reserved 1048576K
}
Event: 22.589 GC heap before
{Heap before GC invocations=176 (full 5):
 PSYoungGen      total 10752K, used 10509K [0x00000000eab00000, 0x00000000eb800000, 0x0000000100000000)
  eden space 10240K, 100% used [0x00000000eab00000,0x00000000eb500000,0x00000000eb500000)
  from space 512K, 52% used [0x00000000eb780000,0x00000000eb7c3580,0x00000000eb800000)
  to   space 512K, 0% used [0x00000000eb700000,0x00000000eb700000,0x00000000eb780000)
 ParOldGen       total 87552K, used 86476K [0x00000000c0000000, 0x00000000c5580000, 0x00000000eab00000)
  object space 87552K, 98% used [0x00000000c0000000,0x00000000c54733e8,0x00000000c5580000)
 Metaspace       used 78972K, committed 80320K, reserved 1179648K
  class space    used 8395K, committed 9024K, reserved 1048576K
}
Event: 22.589 GC heap after
{Heap after GC invocations=176 (full 5):
 PSYoungGen      total 10752K, used 256K [0x00000000eab00000, 0x00000000eb800000, 0x0000000100000000)
  eden space 10240K, 0% used [0x00000000eab00000,0x00000000eab00000,0x00000000eb500000)
  from space 512K, 50% used [0x00000000eb700000,0x00000000eb740000,0x00000000eb780000)
  to   space 512K, 0% used [0x00000000eb780000,0x00000000eb780000,0x00000000eb800000)
 ParOldGen       total 87552K, used 86714K [0x00000000c0000000, 0x00000000c5580000, 0x00000000eab00000)
  object space 87552K, 99% used [0x00000000c0000000,0x00000000c54ae968,0x00000000c5580000)
 Metaspace       used 78972K, committed 80320K, reserved 1179648K
  class space    used 8395K, committed 9024K, reserved 1048576K
}
Event: 22.604 GC heap before
{Heap before GC invocations=177 (full 5):
 PSYoungGen      total 10752K, used 10496K [0x00000000eab00000, 0x00000000eb800000, 0x0000000100000000)
  eden space 10240K, 100% used [0x00000000eab00000,0x00000000eb500000,0x00000000eb500000)
  from space 512K, 50% used [0x00000000eb700000,0x00000000eb740000,0x00000000eb780000)
  to   space 512K, 0% used [0x00000000eb780000,0x00000000eb780000,0x00000000eb800000)
 ParOldGen       total 87552K, used 86714K [0x00000000c0000000, 0x00000000c5580000, 0x00000000eab00000)
  object space 87552K, 99% used [0x00000000c0000000,0x00000000c54ae968,0x00000000c5580000)
 Metaspace       used 78972K, committed 80320K, reserved 1179648K
  class space    used 8395K, committed 9024K, reserved 1048576K
}
Event: 22.604 GC heap after
{Heap after GC invocations=177 (full 5):
 PSYoungGen      total 10752K, used 256K [0x00000000eab00000, 0x00000000eb800000, 0x0000000100000000)
  eden space 10240K, 0% used [0x00000000eab00000,0x00000000eab00000,0x00000000eb500000)
  from space 512K, 50% used [0x00000000eb780000,0x00000000eb7c0000,0x00000000eb800000)
  to   space 512K, 0% used [0x00000000eb700000,0x00000000eb700000,0x00000000eb780000)
 ParOldGen       total 87552K, used 86914K [0x00000000c0000000, 0x00000000c5580000, 0x00000000eab00000)
  object space 87552K, 99% used [0x00000000c0000000,0x00000000c54e0968,0x00000000c5580000)
 Metaspace       used 78972K, committed 80320K, reserved 1179648K
  class space    used 8395K, committed 9024K, reserved 1048576K
}
Event: 22.618 GC heap before
{Heap before GC invocations=178 (full 5):
 PSYoungGen      total 10752K, used 10496K [0x00000000eab00000, 0x00000000eb800000, 0x0000000100000000)
  eden space 10240K, 100% used [0x00000000eab00000,0x00000000eb500000,0x00000000eb500000)
  from space 512K, 50% used [0x00000000eb780000,0x00000000eb7c0000,0x00000000eb800000)
  to   space 512K, 0% used [0x00000000eb700000,0x00000000eb700000,0x00000000eb780000)
 ParOldGen       total 87552K, used 86914K [0x00000000c0000000, 0x00000000c5580000, 0x00000000eab00000)
  object space 87552K, 99% used [0x00000000c0000000,0x00000000c54e0968,0x00000000c5580000)
 Metaspace       used 78972K, committed 80320K, reserved 1179648K
  class space    used 8395K, committed 9024K, reserved 1048576K
}
Event: 22.619 GC heap after
{Heap after GC invocations=178 (full 5):
 PSYoungGen      total 10752K, used 224K [0x00000000eab00000, 0x00000000eb800000, 0x0000000100000000)
  eden space 10240K, 0% used [0x00000000eab00000,0x00000000eab00000,0x00000000eb500000)
  from space 512K, 43% used [0x00000000eb700000,0x00000000eb738000,0x00000000eb780000)
  to   space 512K, 0% used [0x00000000eb780000,0x00000000eb780000,0x00000000eb800000)
 ParOldGen       total 87552K, used 87106K [0x00000000c0000000, 0x00000000c5580000, 0x00000000eab00000)
  object space 87552K, 99% used [0x00000000c0000000,0x00000000c5510968,0x00000000c5580000)
 Metaspace       used 78972K, committed 80320K, reserved 1179648K
  class space    used 8395K, committed 9024K, reserved 1048576K
}
Event: 22.643 GC heap before
{Heap before GC invocations=179 (full 5):
 PSYoungGen      total 10752K, used 10464K [0x00000000eab00000, 0x00000000eb800000, 0x0000000100000000)
  eden space 10240K, 100% used [0x00000000eab00000,0x00000000eb500000,0x00000000eb500000)
  from space 512K, 43% used [0x00000000eb700000,0x00000000eb738000,0x00000000eb780000)
  to   space 512K, 0% used [0x00000000eb780000,0x00000000eb780000,0x00000000eb800000)
 ParOldGen       total 87552K, used 87106K [0x00000000c0000000, 0x00000000c5580000, 0x00000000eab00000)
  object space 87552K, 99% used [0x00000000c0000000,0x00000000c5510968,0x00000000c5580000)
 Metaspace       used 78972K, committed 80320K, reserved 1179648K
  class space    used 8395K, committed 9024K, reserved 1048576K
}
Event: 22.643 GC heap after
{Heap after GC invocations=179 (full 5):
 PSYoungGen      total 10752K, used 256K [0x00000000eab00000, 0x00000000eb800000, 0x0000000100000000)
  eden space 10240K, 0% used [0x00000000eab00000,0x00000000eab00000,0x00000000eb500000)
  from space 512K, 50% used [0x00000000eb780000,0x00000000eb7c0000,0x00000000eb800000)
  to   space 512K, 0% used [0x00000000eb700000,0x00000000eb700000,0x00000000eb780000)
 ParOldGen       total 87552K, used 87314K [0x00000000c0000000, 0x00000000c5580000, 0x00000000eab00000)
  object space 87552K, 99% used [0x00000000c0000000,0x00000000c5544968,0x00000000c5580000)
 Metaspace       used 78972K, committed 80320K, reserved 1179648K
  class space    used 8395K, committed 9024K, reserved 1048576K
}
Event: 22.656 GC heap before
{Heap before GC invocations=180 (full 5):
 PSYoungGen      total 10752K, used 10496K [0x00000000eab00000, 0x00000000eb800000, 0x0000000100000000)
  eden space 10240K, 100% used [0x00000000eab00000,0x00000000eb500000,0x00000000eb500000)
  from space 512K, 50% used [0x00000000eb780000,0x00000000eb7c0000,0x00000000eb800000)
  to   space 512K, 0% used [0x00000000eb700000,0x00000000eb700000,0x00000000eb780000)
 ParOldGen       total 87552K, used 87314K [0x00000000c0000000, 0x00000000c5580000, 0x00000000eab00000)
  object space 87552K, 99% used [0x00000000c0000000,0x00000000c5544968,0x00000000c5580000)
 Metaspace       used 78972K, committed 80320K, reserved 1179648K
  class space    used 8395K, committed 9024K, reserved 1048576K
}
Event: 22.657 GC heap after
{Heap after GC invocations=180 (full 5):
 PSYoungGen      total 10752K, used 256K [0x00000000eab00000, 0x00000000eb800000, 0x0000000100000000)
  eden space 10240K, 0% used [0x00000000eab00000,0x00000000eab00000,0x00000000eb500000)
  from space 512K, 50% used [0x00000000eb700000,0x00000000eb740000,0x00000000eb780000)
  to   space 512K, 0% used [0x00000000eb780000,0x00000000eb780000,0x00000000eb800000)
 ParOldGen       total 87552K, used 87506K [0x00000000c0000000, 0x00000000c5580000, 0x00000000eab00000)
  object space 87552K, 99% used [0x00000000c0000000,0x00000000c5574968,0x00000000c5580000)
 Metaspace       used 78972K, committed 80320K, reserved 1179648K
  class space    used 8395K, committed 9024K, reserved 1048576K
}
Event: 22.671 GC heap before
{Heap before GC invocations=181 (full 6):
 PSYoungGen      total 10752K, used 10496K [0x00000000eab00000, 0x00000000eb800000, 0x0000000100000000)
  eden space 10240K, 100% used [0x00000000eab00000,0x00000000eb500000,0x00000000eb500000)
  from space 512K, 50% used [0x00000000eb700000,0x00000000eb740000,0x00000000eb780000)
  to   space 512K, 0% used [0x00000000eb780000,0x00000000eb780000,0x00000000eb800000)
 ParOldGen       total 87552K, used 87506K [0x00000000c0000000, 0x00000000c5580000, 0x00000000eab00000)
  object space 87552K, 99% used [0x00000000c0000000,0x00000000c5574968,0x00000000c5580000)
 Metaspace       used 78972K, committed 80320K, reserved 1179648K
  class space    used 8395K, committed 9024K, reserved 1048576K
}

